<?xml version="1.0" encoding="UTF-8"?>
<!-- Generated by org.testng.reporters.JUnitReportReporter -->
<testsuite hostname="LTIN193849" failures="0" tests="3" name="com.cognizant.test.TestCases" time="88.067" errors="0" timestamp="2024-02-15T12:24:00 IST" skipped="0">
  <testcase classname="com.cognizant.test.TestCases" name="Test1" time="0.981"/>
  <testcase classname="com.cognizant.test.TestCases" name="Test2" time="2.700"/>
  <testcase classname="com.cognizant.test.TestCases" name="Test3" time="84.386"/>
</testsuite> <!-- com.cognizant.test.TestCases -->
